<?xml version="1.0" encoding="UTF-8"?>
<coverage generated="1765271468340" clover="3.2.0">
  <project timestamp="1765271468340" name="All files">
    <metrics statements="22" coveredstatements="20" conditionals="4" coveredconditionals="3" methods="5" coveredmethods="4" elements="31" coveredelements="27" complexity="0" loc="22" ncloc="22" packages="2" files="3" classes="3"/>
    <package name="src">
      <metrics statements="12" coveredstatements="10" conditionals="4" coveredconditionals="3" methods="3" coveredmethods="2"/>
      <file name="app.js" path="/Users/rafi/Workspaces/Sites/Learn/DevOps/book-api/src/app.js">
        <metrics statements="9" coveredstatements="7" conditionals="4" coveredconditionals="3" methods="1" coveredmethods="0"/>
        <line num="6" count="2" type="stmt"/>
        <line num="7" count="2" type="stmt"/>
        <line num="8" count="2" type="cond" truecount="2" falsecount="0"/>
        <line num="10" count="2" type="stmt"/>
        <line num="11" count="2" type="stmt"/>
        <line num="13" count="2" type="stmt"/>
        <line num="15" count="2" type="cond" truecount="1" falsecount="1"/>
        <line num="16" count="0" type="stmt"/>
        <line num="17" count="0" type="stmt"/>
      </file>
      <file name="db.js" path="/Users/rafi/Workspaces/Sites/Learn/DevOps/book-api/src/db.js">
        <metrics statements="3" coveredstatements="3" conditionals="0" coveredconditionals="0" methods="2" coveredmethods="2"/>
        <line num="7" count="13" type="stmt"/>
        <line num="12" count="13" type="stmt"/>
        <line num="20" count="14" type="stmt"/>
      </file>
    </package>
    <package name="src.routes">
      <metrics statements="10" coveredstatements="10" conditionals="0" coveredconditionals="0" methods="2" coveredmethods="2"/>
      <file name="books.js" path="/Users/rafi/Workspaces/Sites/Learn/DevOps/book-api/src/routes/books.js">
        <metrics statements="10" coveredstatements="10" conditionals="0" coveredconditionals="0" methods="2" coveredmethods="2"/>
        <line num="4" count="2" type="stmt"/>
        <line num="7" count="2" type="stmt"/>
        <line num="8" count="3" type="stmt"/>
        <line num="9" count="3" type="stmt"/>
        <line num="10" count="3" type="stmt"/>
        <line num="14" count="2" type="stmt"/>
        <line num="15" count="3" type="stmt"/>
        <line num="16" count="3" type="stmt"/>
        <line num="17" count="3" type="stmt"/>
        <line num="18" count="3" type="stmt"/>
      </file>
    </package>
  </project>
</coverage>
