TN:
SF:src/app.js
FN:16,(anonymous_0)
FNF:1
FNH:0
FNDA:0,(anonymous_0)
DA:6,2
DA:7,2
DA:8,2
DA:10,2
DA:11,2
DA:13,2
DA:15,2
DA:16,0
DA:17,0
LF:9
LH:7
BRDA:8,0,0,2
BRDA:8,0,1,2
BRDA:15,1,0,0
BRDA:15,1,1,2
BRF:4
BRH:3
end_of_record
TN:
SF:src/db.js
FN:6,initDB
FN:19,getDB
FNF:2
FNH:2
FNDA:13,initDB
FNDA:14,getDB
DA:7,13
DA:12,13
DA:20,14
LF:3
LH:3
BRF:0
BRH:0
end_of_record
TN:
SF:src/routes/books.js
FN:7,(anonymous_0)
FN:14,(anonymous_1)
FNF:2
FNH:2
FNDA:3,(anonymous_0)
FNDA:3,(anonymous_1)
DA:4,2
DA:7,2
DA:8,3
DA:9,3
DA:10,3
DA:14,2
DA:15,3
DA:16,3
DA:17,3
DA:18,3
LF:10
LH:10
BRF:0
BRH:0
end_of_record
